<?xml version="1.0" encoding="UTF-8"?>
<!-- Generated by org.testng.reporters.JUnitReportReporter -->
<testsuite skipped="0" hostname="DESKTOP-APATEL" name="com.bossc.qa.testcases.DashBoardTest" tests="1" failures="0" timestamp="11 Feb 2019 16:43:03 GMT" time="23.018" errors="0">
  <testcase name="VerifyCreateReminderTest" time="23.018" classname="com.bossc.qa.testcases.DashBoardTest"/>
</testsuite> <!-- com.bossc.qa.testcases.DashBoardTest -->
