<?xml version="1.0" encoding="UTF-8"?>
<!-- Generated by org.testng.reporters.JUnitReportReporter -->
<testsuite skipped="0" hostname="DESKTOP-APATEL" name="com.bossc.qa.testcases.SettingsPageTest" tests="1" failures="0" timestamp="06 Feb 2019 20:04:44 GMT" time="27.206" errors="0">
  <testcase name="VerifyNewDocument" time="27.206" classname="com.bossc.qa.testcases.SettingsPageTest"/>
</testsuite> <!-- com.bossc.qa.testcases.SettingsPageTest -->
