<?xml version="1.0" encoding="UTF-8"?>
<!-- Generated by org.testng.reporters.JUnitReportReporter -->
<testsuite skipped="0" hostname="DESKTOP-APATEL" name="com.bossc.qa.testcases.SettingsPageTest" tests="1" failures="0" timestamp="05 Feb 2019 19:16:20 GMT" time="34.010" errors="0">
  <testcase name="VerifyNewObjectCalculationFields" time="34.010" classname="com.bossc.qa.testcases.SettingsPageTest"/>
</testsuite> <!-- com.bossc.qa.testcases.SettingsPageTest -->
