<?xml version="1.0" encoding="UTF-8"?>
<!-- Generated by org.testng.reporters.JUnitReportReporter -->
<testsuite skipped="0" hostname="DESKTOP-APATEL" name="com.bossc.qa.testcases.DashBoardTest" tests="1" failures="0" timestamp="06 Feb 2019 17:30:20 GMT" time="21.023" errors="0">
  <testcase name="VerifyCreateReminderTest" time="21.023" classname="com.bossc.qa.testcases.DashBoardTest"/>
</testsuite> <!-- com.bossc.qa.testcases.DashBoardTest -->
