<?xml version="1.0" encoding="UTF-8"?>
<!-- Generated by org.testng.reporters.JUnitReportReporter -->
<testsuite skipped="33" hostname="DESKTOP-APATEL" name="com.bossc.qa.testcases.SettingsPageTest" tests="35" failures="0" timestamp="15 Feb 2019 20:24:07 GMT" time="58.861" errors="2">
  <testcase name="setUp" time="33.780" classname="com.bossc.qa.testcases.SettingsPageTest">
    <error type="org.openqa.selenium.WebDriverException" message="chrome not reachable
  (Session info: chrome=72.0.3626.109)
  (Driver info: chromedriver=2.45.615291 (ec3682e3c9061c10f26ea9e5cdcf3c53f3f74387),platform=Windows NT 10.0.17134 x86_64) (WARNING: The server did not provide any stacktrace information)
Command duration or timeout: 0 milliseconds
Build info: version: &#039;3.14.0&#039;, revision: &#039;aacccce0&#039;, time: &#039;2018-08-02T20:19:58.91Z&#039;
System info: host: &#039;DESKTOP-APATEL&#039;, ip: &#039;192.168.1.147&#039;, os.name: &#039;Windows 10&#039;, os.arch: &#039;amd64&#039;, os.version: &#039;10.0&#039;, java.version: &#039;1.8.0_201&#039;
Driver info: org.openqa.selenium.chrome.ChromeDriver
Capabilities {acceptInsecureCerts: false, acceptSslCerts: false, applicationCacheEnabled: false, browserConnectionEnabled: false, browserName: chrome, chrome: {chromedriverVersion: 2.45.615291 (ec3682e3c9061c..., userDataDir: C:\Users\apatel\AppData\Loc...}, cssSelectorsEnabled: true, databaseEnabled: false, goog:chromeOptions: {debuggerAddress: localhost:62414}, handlesAlerts: true, hasTouchScreen: false, javascriptEnabled: true, locationContextEnabled: true, mobileEmulationEnabled: false, nativeEvents: true, networkConnectionEnabled: false, pageLoadStrategy: normal, platform: XP, platformName: XP, proxy: Proxy(), rotatable: false, setWindowRect: true, strictFileInteractability: false, takesHeapSnapshot: true, takesScreenshot: true, timeouts: {implicit: 0, pageLoad: 300000, script: 30000}, unexpectedAlertBehaviour: ignore, unhandledPromptBehavior: ignore, version: 72.0.3626.109, webStorageEnabled: true}
Session ID: 0d67896d28dbb3c80fca011cedb650f6">
      <![CDATA[org.openqa.selenium.WebDriverException: chrome not reachable
  (Session info: chrome=72.0.3626.109)
  (Driver info: chromedriver=2.45.615291 (ec3682e3c9061c10f26ea9e5cdcf3c53f3f74387),platform=Windows NT 10.0.17134 x86_64) (WARNING: The server did not provide any stacktrace information)
Command duration or timeout: 0 milliseconds
Build info: version: '3.14.0', revision: 'aacccce0', time: '2018-08-02T20:19:58.91Z'
System info: host: 'DESKTOP-APATEL', ip: '192.168.1.147', os.name: 'Windows 10', os.arch: 'amd64', os.version: '10.0', java.version: '1.8.0_201'
Driver info: org.openqa.selenium.chrome.ChromeDriver
Capabilities {acceptInsecureCerts: false, acceptSslCerts: false, applicationCacheEnabled: false, browserConnectionEnabled: false, browserName: chrome, chrome: {chromedriverVersion: 2.45.615291 (ec3682e3c9061c..., userDataDir: C:\Users\apatel\AppData\Loc...}, cssSelectorsEnabled: true, databaseEnabled: false, goog:chromeOptions: {debuggerAddress: localhost:62414}, handlesAlerts: true, hasTouchScreen: false, javascriptEnabled: true, locationContextEnabled: true, mobileEmulationEnabled: false, nativeEvents: true, networkConnectionEnabled: false, pageLoadStrategy: normal, platform: XP, platformName: XP, proxy: Proxy(), rotatable: false, setWindowRect: true, strictFileInteractability: false, takesHeapSnapshot: true, takesScreenshot: true, timeouts: {implicit: 0, pageLoad: 300000, script: 30000}, unexpectedAlertBehaviour: ignore, unhandledPromptBehavior: ignore, version: 72.0.3626.109, webStorageEnabled: true}
Session ID: 0d67896d28dbb3c80fca011cedb650f6
	at sun.reflect.NativeConstructorAccessorImpl.newInstance0(Native Method)
	at sun.reflect.NativeConstructorAccessorImpl.newInstance(NativeConstructorAccessorImpl.java:62)
	at sun.reflect.DelegatingConstructorAccessorImpl.newInstance(DelegatingConstructorAccessorImpl.java:45)
	at java.lang.reflect.Constructor.newInstance(Constructor.java:423)
	at org.openqa.selenium.remote.ErrorHandler.createThrowable(ErrorHandler.java:214)
	at org.openqa.selenium.remote.ErrorHandler.throwIfResponseFailed(ErrorHandler.java:166)
	at org.openqa.selenium.remote.http.JsonHttpResponseCodec.reconstructValue(JsonHttpResponseCodec.java:40)
	at org.openqa.selenium.remote.http.AbstractHttpResponseCodec.decode(AbstractHttpResponseCodec.java:80)
	at org.openqa.selenium.remote.http.AbstractHttpResponseCodec.decode(AbstractHttpResponseCodec.java:44)
	at org.openqa.selenium.remote.HttpCommandExecutor.execute(HttpCommandExecutor.java:158)
	at org.openqa.selenium.remote.service.DriverCommandExecutor.execute(DriverCommandExecutor.java:83)
	at org.openqa.selenium.remote.RemoteWebDriver.execute(RemoteWebDriver.java:548)
	at org.openqa.selenium.remote.RemoteWebDriver.execute(RemoteWebDriver.java:605)
	at org.openqa.selenium.remote.RemoteWebDriver$RemoteWebDriverOptions.deleteAllCookies(RemoteWebDriver.java:690)
	at org.openqa.selenium.support.events.EventFiringWebDriver$EventFiringOptions.deleteAllCookies(EventFiringWebDriver.java:629)
	at com.bossc.qa.base.TestBase.initialization(TestBase.java:69)
	at com.bossc.qa.testcases.SettingsPageTest.setUp(SettingsPageTest.java:35)
	at sun.reflect.NativeMethodAccessorImpl.invoke0(Native Method)
	at sun.reflect.NativeMethodAccessorImpl.invoke(NativeMethodAccessorImpl.java:62)
	at sun.reflect.DelegatingMethodAccessorImpl.invoke(DelegatingMethodAccessorImpl.java:43)
	at java.lang.reflect.Method.invoke(Method.java:498)
	at org.testng.internal.MethodInvocationHelper.invokeMethod(MethodInvocationHelper.java:108)
	at org.testng.internal.Invoker.invokeConfigurationMethod(Invoker.java:523)
	at org.testng.internal.Invoker.invokeConfigurations(Invoker.java:224)
	at org.testng.internal.Invoker.invokeMethod(Invoker.java:599)
	at org.testng.internal.Invoker.invokeTestMethod(Invoker.java:869)
	at org.testng.internal.Invoker.invokeTestMethods(Invoker.java:1193)
	at org.testng.internal.TestMethodWorker.invokeTestMethods(TestMethodWorker.java:126)
	at org.testng.internal.TestMethodWorker.run(TestMethodWorker.java:109)
	at org.testng.TestRunner.privateRun(TestRunner.java:744)
	at org.testng.TestRunner.run(TestRunner.java:602)
	at org.testng.SuiteRunner.runTest(SuiteRunner.java:380)
	at org.testng.SuiteRunner.runSequentially(SuiteRunner.java:375)
	at org.testng.SuiteRunner.privateRun(SuiteRunner.java:340)
	at org.testng.SuiteRunner.run(SuiteRunner.java:289)
	at org.testng.SuiteRunnerWorker.runSuite(SuiteRunnerWorker.java:52)
	at org.testng.SuiteRunnerWorker.run(SuiteRunnerWorker.java:86)
	at org.testng.TestNG.runSuitesSequentially(TestNG.java:1301)
	at org.testng.TestNG.runSuitesLocally(TestNG.java:1226)
	at org.testng.TestNG.runSuites(TestNG.java:1144)
	at org.testng.TestNG.run(TestNG.java:1115)
	at org.testng.remote.AbstractRemoteTestNG.run(AbstractRemoteTestNG.java:114)
	at org.testng.remote.RemoteTestNG.initAndRun(RemoteTestNG.java:251)
	at org.testng.remote.RemoteTestNG.main(RemoteTestNG.java:77)
]]>
    </error>
  </testcase> <!-- setUp -->
  <testcase name="VerifyEmailService1" time="25.079" classname="com.bossc.qa.testcases.SettingsPageTest">
    <error type="java.lang.NullPointerException">
      <![CDATA[java.lang.NullPointerException
	at org.openqa.selenium.support.events.EventFiringWebDriver.extractInterfaces(EventFiringWebDriver.java:120)
	at org.openqa.selenium.support.events.EventFiringWebDriver.access$300(EventFiringWebDriver.java:69)
	at org.openqa.selenium.support.events.EventFiringWebDriver$EventFiringWebElement.<init>(EventFiringWebDriver.java:397)
	at org.openqa.selenium.support.events.EventFiringWebDriver$EventFiringWebElement.<init>(EventFiringWebDriver.java:389)
	at org.openqa.selenium.support.events.EventFiringWebDriver.createWebElement(EventFiringWebDriver.java:327)
	at org.openqa.selenium.support.events.EventFiringWebDriver.findElement(EventFiringWebDriver.java:196)
	at org.openqa.selenium.support.pagefactory.DefaultElementLocator.findElement(DefaultElementLocator.java:69)
	at org.openqa.selenium.support.pagefactory.internal.LocatingElementHandler.invoke(LocatingElementHandler.java:38)
	at com.sun.proxy.$Proxy10.click(Unknown Source)
	at com.bossc.qa.pages.Settings.EmailService1(Settings.java:1089)
	at com.bossc.qa.testcases.SettingsPageTest.VerifyEmailService1(SettingsPageTest.java:151)
	at sun.reflect.NativeMethodAccessorImpl.invoke0(Native Method)
	at sun.reflect.NativeMethodAccessorImpl.invoke(NativeMethodAccessorImpl.java:62)
	at sun.reflect.DelegatingMethodAccessorImpl.invoke(DelegatingMethodAccessorImpl.java:43)
	at java.lang.reflect.Method.invoke(Method.java:498)
	at org.testng.internal.MethodInvocationHelper.invokeMethod(MethodInvocationHelper.java:108)
	at org.testng.internal.Invoker.invokeMethod(Invoker.java:661)
	at org.testng.internal.Invoker.invokeTestMethod(Invoker.java:869)
	at org.testng.internal.Invoker.invokeTestMethods(Invoker.java:1193)
	at org.testng.internal.TestMethodWorker.invokeTestMethods(TestMethodWorker.java:126)
	at org.testng.internal.TestMethodWorker.run(TestMethodWorker.java:109)
	at org.testng.TestRunner.privateRun(TestRunner.java:744)
	at org.testng.TestRunner.run(TestRunner.java:602)
	at org.testng.SuiteRunner.runTest(SuiteRunner.java:380)
	at org.testng.SuiteRunner.runSequentially(SuiteRunner.java:375)
	at org.testng.SuiteRunner.privateRun(SuiteRunner.java:340)
	at org.testng.SuiteRunner.run(SuiteRunner.java:289)
	at org.testng.SuiteRunnerWorker.runSuite(SuiteRunnerWorker.java:52)
	at org.testng.SuiteRunnerWorker.run(SuiteRunnerWorker.java:86)
	at org.testng.TestNG.runSuitesSequentially(TestNG.java:1301)
	at org.testng.TestNG.runSuitesLocally(TestNG.java:1226)
	at org.testng.TestNG.runSuites(TestNG.java:1144)
	at org.testng.TestNG.run(TestNG.java:1115)
	at org.testng.remote.AbstractRemoteTestNG.run(AbstractRemoteTestNG.java:114)
	at org.testng.remote.RemoteTestNG.initAndRun(RemoteTestNG.java:251)
	at org.testng.remote.RemoteTestNG.main(RemoteTestNG.java:77)
]]>
    </error>
  </testcase> <!-- VerifyEmailService1 -->
  <testcase name="VerifyEmailService2" time="0.002" classname="com.bossc.qa.testcases.SettingsPageTest">
    <skipped/>
  </testcase> <!-- VerifyEmailService2 -->
  <testcase name="VerifyEventCreationEnableAccountF" time="0.000" classname="com.bossc.qa.testcases.SettingsPageTest">
    <skipped/>
  </testcase> <!-- VerifyEventCreationEnableAccountF -->
  <testcase name="VerifyEventPerformanceEnableAccountF" time="0.000" classname="com.bossc.qa.testcases.SettingsPageTest">
    <skipped/>
  </testcase> <!-- VerifyEventPerformanceEnableAccountF -->
  <testcase name="VerifyEventCreationDisableAccountF" time="0.000" classname="com.bossc.qa.testcases.SettingsPageTest">
    <skipped/>
  </testcase> <!-- VerifyEventCreationDisableAccountF -->
  <testcase name="VerifyEventPerformanceDisableAccountF" time="0.000" classname="com.bossc.qa.testcases.SettingsPageTest">
    <skipped/>
  </testcase> <!-- VerifyEventPerformanceDisableAccountF -->
  <testcase name="VerifyEventCreationGrantMobileF" time="0.000" classname="com.bossc.qa.testcases.SettingsPageTest">
    <skipped/>
  </testcase> <!-- VerifyEventCreationGrantMobileF -->
  <testcase name="VerifyEventPerformanceGrantMobileF" time="0.000" classname="com.bossc.qa.testcases.SettingsPageTest">
    <skipped/>
  </testcase> <!-- VerifyEventPerformanceGrantMobileF -->
  <testcase name="VerifyEventCreationRevokeMobileF" time="0.000" classname="com.bossc.qa.testcases.SettingsPageTest">
    <skipped/>
  </testcase> <!-- VerifyEventCreationRevokeMobileF -->
  <testcase name="VerifyEventPerformanceRevokeMobileF" time="0.000" classname="com.bossc.qa.testcases.SettingsPageTest">
    <skipped/>
  </testcase> <!-- VerifyEventPerformanceRevokeMobileF -->
  <testcase name="VerifyEventCreationHealthObjectF" time="0.000" classname="com.bossc.qa.testcases.SettingsPageTest">
    <skipped/>
  </testcase> <!-- VerifyEventCreationHealthObjectF -->
  <testcase name="VerifyEventPerformanceCreateHealthObjectF" time="0.000" classname="com.bossc.qa.testcases.SettingsPageTest">
    <skipped/>
  </testcase> <!-- VerifyEventPerformanceCreateHealthObjectF -->
  <testcase name="VerifyEventTerminateHealthObjectF" time="0.000" classname="com.bossc.qa.testcases.SettingsPageTest">
    <skipped/>
  </testcase> <!-- VerifyEventTerminateHealthObjectF -->
  <testcase name="VerifyEventPerformanceTerminateHealthObjectF" time="0.000" classname="com.bossc.qa.testcases.SettingsPageTest">
    <skipped/>
  </testcase> <!-- VerifyEventPerformanceTerminateHealthObjectF -->
  <testcase name="VerifyEventCreationFieldUpdateF" time="0.000" classname="com.bossc.qa.testcases.SettingsPageTest">
    <skipped/>
  </testcase> <!-- VerifyEventCreationFieldUpdateF -->
  <testcase name="VerifyEventPerformanceFieldUpdateF" time="0.000" classname="com.bossc.qa.testcases.SettingsPageTest">
    <skipped/>
  </testcase> <!-- VerifyEventPerformanceFieldUpdateF -->
  <testcase name="VerifyEventCreationDependentFieldUpdate" time="0.000" classname="com.bossc.qa.testcases.SettingsPageTest">
    <skipped/>
  </testcase> <!-- VerifyEventCreationDependentFieldUpdate -->
  <testcase name="VerifyEventPerformanceDependentFieldUpdate" time="0.000" classname="com.bossc.qa.testcases.SettingsPageTest">
    <skipped/>
  </testcase> <!-- VerifyEventPerformanceDependentFieldUpdate -->
  <testcase name="VerifyEventAssignWorkFlowF" time="0.000" classname="com.bossc.qa.testcases.SettingsPageTest">
    <skipped/>
  </testcase> <!-- VerifyEventAssignWorkFlowF -->
  <testcase name="VerifyEventPerformanceAssignWorkFlowF" time="0.000" classname="com.bossc.qa.testcases.SettingsPageTest">
    <skipped/>
  </testcase> <!-- VerifyEventPerformanceAssignWorkFlowF -->
  <testcase name="VerifyEventCreationEnableAccountC" time="0.000" classname="com.bossc.qa.testcases.SettingsPageTest">
    <skipped/>
  </testcase> <!-- VerifyEventCreationEnableAccountC -->
  <testcase name="VerifyEventPerformanceEnableAccountC" time="0.000" classname="com.bossc.qa.testcases.SettingsPageTest">
    <skipped/>
  </testcase> <!-- VerifyEventPerformanceEnableAccountC -->
  <testcase name="VerifyEventCreationDisableAccountC" time="0.000" classname="com.bossc.qa.testcases.SettingsPageTest">
    <skipped/>
  </testcase> <!-- VerifyEventCreationDisableAccountC -->
  <testcase name="VerifyEventPerformanceDisableAccountC" time="0.000" classname="com.bossc.qa.testcases.SettingsPageTest">
    <skipped/>
  </testcase> <!-- VerifyEventPerformanceDisableAccountC -->
  <testcase name="VerifyEventCreationGrantMobileC" time="0.000" classname="com.bossc.qa.testcases.SettingsPageTest">
    <skipped/>
  </testcase> <!-- VerifyEventCreationGrantMobileC -->
  <testcase name="VerifyEventPerformanceGrantMobileC" time="0.000" classname="com.bossc.qa.testcases.SettingsPageTest">
    <skipped/>
  </testcase> <!-- VerifyEventPerformanceGrantMobileC -->
  <testcase name="VerifyEventCreationRevokeMobileC" time="0.000" classname="com.bossc.qa.testcases.SettingsPageTest">
    <skipped/>
  </testcase> <!-- VerifyEventCreationRevokeMobileC -->
  <testcase name="VerifyEventPerformanceRevokeMobileC" time="0.000" classname="com.bossc.qa.testcases.SettingsPageTest">
    <skipped/>
  </testcase> <!-- VerifyEventPerformanceRevokeMobileC -->
  <testcase name="VerifyEventCreationHealthObjectC" time="0.000" classname="com.bossc.qa.testcases.SettingsPageTest">
    <skipped/>
  </testcase> <!-- VerifyEventCreationHealthObjectC -->
  <testcase name="VerifyEventPerformanceCreateHealthObjectC" time="0.000" classname="com.bossc.qa.testcases.SettingsPageTest">
    <skipped/>
  </testcase> <!-- VerifyEventPerformanceCreateHealthObjectC -->
  <testcase name="VerifyEventCreationFieldUpdateC" time="0.000" classname="com.bossc.qa.testcases.SettingsPageTest">
    <skipped/>
  </testcase> <!-- VerifyEventCreationFieldUpdateC -->
  <testcase name="VerifyEventPerformanceFieldUpdateC" time="0.000" classname="com.bossc.qa.testcases.SettingsPageTest">
    <skipped/>
  </testcase> <!-- VerifyEventPerformanceFieldUpdateC -->
  <testcase name="VerifyEventAssignWorkFlowC" time="0.000" classname="com.bossc.qa.testcases.SettingsPageTest">
    <skipped/>
  </testcase> <!-- VerifyEventAssignWorkFlowC -->
  <testcase name="VerifyNewObjectCalculationFields" time="0.000" classname="com.bossc.qa.testcases.SettingsPageTest">
    <skipped/>
  </testcase> <!-- VerifyNewObjectCalculationFields -->
</testsuite> <!-- com.bossc.qa.testcases.SettingsPageTest -->
