<?xml version="1.0" encoding="UTF-8"?>
<!-- Generated by org.testng.reporters.JUnitReportReporter -->
<testsuite skipped="0" hostname="DESKTOP-APATEL" name="com.bossc.qa.testcases.SettingsPageTest" tests="2" failures="0" timestamp="07 Feb 2019 23:44:43 GMT" time="68.400" errors="0">
  <testcase name="VerifyEventCreationDependentFieldUpdate" time="40.231" classname="com.bossc.qa.testcases.SettingsPageTest"/>
  <testcase name="VerifyEventPerformanceDependentFieldUpdate" time="28.169" classname="com.bossc.qa.testcases.SettingsPageTest"/>
</testsuite> <!-- com.bossc.qa.testcases.SettingsPageTest -->
