<?xml version="1.0" encoding="UTF-8"?>
<!-- Generated by org.testng.reporters.JUnitReportReporter -->
<testsuite skipped="0" hostname="DESKTOP-APATEL" name="com.bossc.qa.testcases.LoginPageTest" tests="1" failures="0" timestamp="11 Feb 2019 16:43:03 GMT" time="17.403" errors="0">
  <testcase name="loginTest" time="17.403" classname="com.bossc.qa.testcases.LoginPageTest"/>
</testsuite> <!-- com.bossc.qa.testcases.LoginPageTest -->
