<?xml version="1.0" encoding="UTF-8"?>
<!-- Generated by org.testng.reporters.JUnitReportReporter -->
<testsuite skipped="0" hostname="DESKTOP-APATEL" name="com.bossc.qa.testcases.SettingsPageTest" tests="4" failures="0" timestamp="30 Jan 2019 18:11:13 GMT" time="112.549" errors="0">
  <testcase name="VerifyNewStaticField" time="29.898" classname="com.bossc.qa.testcases.SettingsPageTest"/>
  <testcase name="VerifyNewListField" time="29.577" classname="com.bossc.qa.testcases.SettingsPageTest"/>
  <testcase name="VerifyNewConstantField" time="22.728" classname="com.bossc.qa.testcases.SettingsPageTest"/>
  <testcase name="VerifyNewCalculationField" time="30.346" classname="com.bossc.qa.testcases.SettingsPageTest"/>
</testsuite> <!-- com.bossc.qa.testcases.SettingsPageTest -->
