<?xml version="1.0" encoding="UTF-8"?>
<!-- Generated by org.testng.reporters.JUnitReportReporter -->
<testsuite skipped="0" hostname="DESKTOP-APATEL" name="com.bossc.qa.testcases.EmployeePageTest" tests="1" failures="0" timestamp="15 Feb 2019 16:19:30 GMT" time="24.230" errors="0">
  <testcase name="VerifyAccountUserNamePasswordSave" time="24.230" classname="com.bossc.qa.testcases.EmployeePageTest"/>
</testsuite> <!-- com.bossc.qa.testcases.EmployeePageTest -->
