<?xml version="1.0" encoding="UTF-8"?>
<!-- Generated by org.testng.reporters.JUnitReportReporter -->
<testsuite skipped="0" hostname="DESKTOP-APATEL" name="com.bossc.qa.testcases.SettingsPageTest" tests="2" failures="0" timestamp="08 Feb 2019 22:00:43 GMT" time="62.609" errors="0">
  <testcase name="VerifyEventAssignWorkFlowC" time="30.649" classname="com.bossc.qa.testcases.SettingsPageTest"/>
  <testcase name="VerifyEventPerformanceAssignWorkFlowF" time="31.960" classname="com.bossc.qa.testcases.SettingsPageTest"/>
</testsuite> <!-- com.bossc.qa.testcases.SettingsPageTest -->
