<?xml version="1.0" encoding="UTF-8"?>
<!-- Generated by org.testng.reporters.JUnitReportReporter -->
<testsuite skipped="0" hostname="DESKTOP-APATEL" name="com.bossc.qa.testcases.LoginPageTest" tests="1" failures="0" timestamp="30 Jan 2019 23:13:21 GMT" time="16.284" errors="0">
  <testcase name="loginTest" time="16.284" classname="com.bossc.qa.testcases.LoginPageTest"/>
</testsuite> <!-- com.bossc.qa.testcases.LoginPageTest -->
