<?xml version="1.0" encoding="UTF-8"?>
<!-- Generated by org.testng.reporters.JUnitReportReporter -->
<testsuite skipped="0" hostname="DESKTOP-APATEL" name="com.bossc.qa.testcases.ReportPageTest" tests="1" failures="0" timestamp="12 Feb 2019 17:56:41 GMT" time="27.001" errors="0">
  <testcase name="VerifyRunDELReport" time="27.001" classname="com.bossc.qa.testcases.ReportPageTest"/>
</testsuite> <!-- com.bossc.qa.testcases.ReportPageTest -->
