<?xml version="1.0" encoding="UTF-8"?>
<!-- Generated by org.testng.reporters.JUnitReportReporter -->
<testsuite skipped="0" hostname="DESKTOP-APATEL" name="com.bossc.qa.testcases.EmployeePageTest" tests="1" failures="0" timestamp="13 Feb 2019 22:12:04 GMT" time="27.290" errors="0">
  <testcase name="VerifyEditDependent" time="27.290" classname="com.bossc.qa.testcases.EmployeePageTest"/>
</testsuite> <!-- com.bossc.qa.testcases.EmployeePageTest -->
