<?xml version="1.0" encoding="UTF-8"?>
<!-- Generated by org.testng.reporters.JUnitReportReporter -->
<testsuite skipped="0" hostname="DESKTOP-APATEL" name="com.bossc.qa.testcases.EmployeePageTest" tests="2" failures="0" timestamp="05 Feb 2019 19:03:26 GMT" time="52.382" errors="0">
  <testcase name="VerifyAddNotes" time="29.041" classname="com.bossc.qa.testcases.EmployeePageTest"/>
  <testcase name="VerifyEditColumn" time="23.341" classname="com.bossc.qa.testcases.EmployeePageTest"/>
</testsuite> <!-- com.bossc.qa.testcases.EmployeePageTest -->
