<?xml version="1.0" encoding="UTF-8"?>
<!-- Generated by org.testng.reporters.JUnitReportReporter -->
<testsuite skipped="0" hostname="DESKTOP-APATEL" name="com.bossc.qa.testcases.DashBoardTest" tests="1" failures="0" timestamp="05 Feb 2019 17:34:39 GMT" time="23.080" errors="0">
  <testcase name="VerifyCreateReminderTest" time="23.080" classname="com.bossc.qa.testcases.DashBoardTest"/>
</testsuite> <!-- com.bossc.qa.testcases.DashBoardTest -->
