<?xml version="1.0" encoding="UTF-8"?>
<!-- Generated by org.testng.reporters.JUnitReportReporter -->
<testsuite skipped="0" hostname="DESKTOP-APATEL" name="com.bossc.qa.testcases.LoginPageTest" tests="1" failures="0" timestamp="31 Jan 2019 02:56:03 GMT" time="14.124" errors="0">
  <testcase name="loginTest" time="14.124" classname="com.bossc.qa.testcases.LoginPageTest"/>
</testsuite> <!-- com.bossc.qa.testcases.LoginPageTest -->
