<?xml version="1.0" encoding="UTF-8"?>
<!-- Generated by org.testng.reporters.JUnitReportReporter -->
<testsuite skipped="0" hostname="DESKTOP-APATEL" name="com.bossc.qa.testcases.SettingsPageTest" tests="4" failures="0" timestamp="31 Jan 2019 02:56:03 GMT" time="108.725" errors="0">
  <testcase name="VerifyNewStaticField" time="29.269" classname="com.bossc.qa.testcases.SettingsPageTest"/>
  <testcase name="VerifyNewListField" time="27.381" classname="com.bossc.qa.testcases.SettingsPageTest"/>
  <testcase name="VerifyNewConstantField" time="22.617" classname="com.bossc.qa.testcases.SettingsPageTest"/>
  <testcase name="VerifyNewCalculationField" time="29.458" classname="com.bossc.qa.testcases.SettingsPageTest"/>
</testsuite> <!-- com.bossc.qa.testcases.SettingsPageTest -->
