<?xml version="1.0" encoding="UTF-8"?>
<!-- Generated by org.testng.reporters.JUnitReportReporter -->
<testsuite skipped="0" hostname="DESKTOP-APATEL" name="com.bossc.qa.testcases.DashBoardTest" tests="1" failures="0" timestamp="31 Jan 2019 02:56:03 GMT" time="20.511" errors="0">
  <testcase name="VerifyCreateReminderTest" time="20.511" classname="com.bossc.qa.testcases.DashBoardTest"/>
</testsuite> <!-- com.bossc.qa.testcases.DashBoardTest -->
